<?xml version="1.0" encoding="UTF-8" ?>
<testsuite tests="12" failures="2" name="com.cucumber.CucumberProject.runnerTest" time="1.093" errors="0" skipped="0">
  <properties>
    <property name="java.runtime.name" value="Java(TM) SE Runtime Environment"/>
    <property name="sun.boot.library.path" value="C:\Program Files\Java\jdk1.8.0_65\jre\bin"/>
    <property name="java.vm.version" value="25.65-b01"/>
    <property name="java.vm.vendor" value="Oracle Corporation"/>
    <property name="maven.multiModuleProjectDirectory" value="C:/Users/Rastamon/workspace/CucumberProjectMavNJava"/>
    <property name="java.vendor.url" value="http://java.oracle.com/"/>
    <property name="path.separator" value=";"/>
    <property name="guice.disable.misplaced.annotation.check" value="true"/>
    <property name="java.vm.name" value="Java HotSpot(TM) 64-Bit Server VM"/>
    <property name="file.encoding.pkg" value="sun.io"/>
    <property name="user.script" value=""/>
    <property name="user.country" value="US"/>
    <property name="sun.java.launcher" value="SUN_STANDARD"/>
    <property name="sun.os.patch.level" value=""/>
    <property name="java.vm.specification.name" value="Java Virtual Machine Specification"/>
    <property name="user.dir" value="C:\Users\Rastamon\workspace\CucumberProjectMavNJava"/>
    <property name="java.runtime.version" value="1.8.0_65-b17"/>
    <property name="java.awt.graphicsenv" value="sun.awt.Win32GraphicsEnvironment"/>
    <property name="java.endorsed.dirs" value="C:\Program Files\Java\jdk1.8.0_65\jre\lib\endorsed"/>
    <property name="os.arch" value="amd64"/>
    <property name="java.io.tmpdir" value="C:\Users\Rastamon\AppData\Local\Temp\"/>
    <property name="line.separator" value="
"/>
    <property name="java.vm.specification.vendor" value="Oracle Corporation"/>
    <property name="user.variant" value=""/>
    <property name="os.name" value="Windows 10"/>
    <property name="classworlds.conf" value="C:/Program Files/Apache/apache-maven-3.3.9/bin/m2.conf"/>
    <property name="sun.jnu.encoding" value="Cp1252"/>
    <property name="java.library.path" value="C:\Program Files\Java\jdk1.8.0_65\bin;C:\WINDOWS\Sun\Java\bin;C:\WINDOWS\system32;C:\WINDOWS;C:\Users\Rastamon\bin;C:\Program Files\Git\mingw64\bin;C:\Program Files\Git\usr\local\bin;C:\Program Files\Git\usr\bin;C:\Program Files\Git\usr\bin;C:\Program Files\Git\mingw64\bin;C:\Program Files\Git\usr\bin;C:\Users\Rastamon\bin;C:\ProgramData\Oracle\Java\javapath;C:\WINDOWS\system32;%System Root%;C:\Python33;C:\Python33\Scripts;C:\WINDOWS;C:\WINDOWS\System32\Wbem;C:\WINDOWS\System32\WindowsPowerShell\v1.0;C:\SeleniumJars\apache-ant-1.9.7\bin;C:\Program Files\Git\cmd;C:\WINDOWS\system32\config\systemprofile\.dnx\bin;C:\Program Files\Microsoft DNX\Dnvm;C:\Program Files\Microsoft SQL Server\130\Tools\Binn;C:\Program Files\nodejs;C:\Program Files\Apache\apache-maven-3.3.9\bin;C:\WINDOWS\system32;%System Root%;C:\WINDOWS\System32\Wbem&quot;;C:\Python33;C:\Users\Rastamon\AppData\Roaming\npm;C:\Users\Rastamon\AppData\Local\Microsoft\WindowsApps;C:\Program Files\Git\usr\bin\vendor_perl;C:\Program Files\Git\usr\bin\core_perl;."/>
    <property name="java.specification.name" value="Java Platform API Specification"/>
    <property name="java.class.version" value="52.0"/>
    <property name="sun.management.compiler" value="HotSpot 64-Bit Tiered Compilers"/>
    <property name="os.version" value="10.0"/>
    <property name="user.home" value="C:\Users\Rastamon"/>
    <property name="user.timezone" value="America/New_York"/>
    <property name="java.awt.printerjob" value="sun.awt.windows.WPrinterJob"/>
    <property name="java.specification.version" value="1.8"/>
    <property name="file.encoding" value="Cp1252"/>
    <property name="user.name" value="Rastamon"/>
    <property name="java.class.path" value="C:/Program Files/Apache/apache-maven-3.3.9/boot/plexus-classworlds-2.5.2.jar"/>
    <property name="java.vm.specification.version" value="1.8"/>
    <property name="sun.arch.data.model" value="64"/>
    <property name="java.home" value="C:\Program Files\Java\jdk1.8.0_65\jre"/>
    <property name="sun.java.command" value="org.codehaus.plexus.classworlds.launcher.Launcher clean install"/>
    <property name="java.specification.vendor" value="Oracle Corporation"/>
    <property name="user.language" value="en"/>
    <property name="awt.toolkit" value="sun.awt.windows.WToolkit"/>
    <property name="java.vm.info" value="mixed mode"/>
    <property name="java.version" value="1.8.0_65"/>
    <property name="java.ext.dirs" value="C:\Program Files\Java\jdk1.8.0_65\jre\lib\ext;C:\WINDOWS\Sun\Java\lib\ext"/>
    <property name="sun.boot.class.path" value="C:\Program Files\Java\jdk1.8.0_65\jre\lib\resources.jar;C:\Program Files\Java\jdk1.8.0_65\jre\lib\rt.jar;C:\Program Files\Java\jdk1.8.0_65\jre\lib\sunrsasign.jar;C:\Program Files\Java\jdk1.8.0_65\jre\lib\jsse.jar;C:\Program Files\Java\jdk1.8.0_65\jre\lib\jce.jar;C:\Program Files\Java\jdk1.8.0_65\jre\lib\charsets.jar;C:\Program Files\Java\jdk1.8.0_65\jre\lib\jfr.jar;C:\Program Files\Java\jdk1.8.0_65\jre\classes"/>
    <property name="java.vendor" value="Oracle Corporation"/>
    <property name="maven.home" value="C:\Program Files\Apache\apache-maven-3.3.9"/>
    <property name="file.separator" value="\"/>
    <property name="java.vendor.url.bug" value="http://bugreport.sun.com/bugreport/"/>
    <property name="sun.cpu.endian" value="little"/>
    <property name="sun.io.unicode.encoding" value="UnicodeLittle"/>
    <property name="sun.desktop" value="windows"/>
    <property name="sun.cpu.isalist" value="amd64"/>
  </properties>
  <testcase classname="Scenario: Adopt an available animal" name="Given I am at the zoo site" time="0.005"/>
  <testcase classname="Scenario: Adopt an available animal" name="When I navigate to adoption" time="0.001"/>
  <testcase classname="Scenario: Adopt an available animal" name="And I check for an available animal" time="0"/>
  <testcase classname="Scenario: Adopt an available animal" name="And I populate the form" time="0"/>
  <testcase classname="Scenario: Adopt an available animal" name="Then There should be a confirmation message" time="0.001"/>
  <testcase classname="Scenario: Adopt an available animal" name="Scenario: Adopt an available animal" time="1.076"/>
  <testcase classname="Scenario: Adopt an available animal" name="Given I am at the zoo site" time="0"/>
  <testcase classname="Scenario: Adopt an available animal" name="When I navigate to adoption" time="0"/>
  <testcase classname="Scenario: Adopt an available animal" name="And I check for an available animal" time="0"/>
  <testcase classname="Scenario: Adopt an available animal" name="And I populate the form" time="0"/>
  <testcase classname="Scenario: Adopt an available animal" name="Then There should be a confirmation text" time="0.005">
    <failure message="2nd assert failed. expected:&lt;[YOUR ADOPTION HAS BEEN SET UP]&gt; but was:&lt;[fail]&gt;" type="junit.framework.ComparisonFailure">junit.framework.ComparisonFailure: 2nd assert failed. expected:&lt;[YOUR ADOPTION HAS BEEN SET UP]&gt; but was:&lt;[fail]&gt;
	at junit.framework.Assert.assertEquals(Assert.java:100)
	at com.cucumber.CucumberProject.Steps.verifyConfirmTextAvilable(Steps.java:146)
	at ✽.Then There should be a confirmation text(myFeature.feature:15)
</failure>
    <system-out>running verify confirm message method
Hard Assertion -&gt; 1st pagetext assertion executed.
</system-out>
  </testcase>
  <testcase classname="Scenario: Adopt an available animal" name="Scenario: Adopt an available animal" time="0.005">
    <failure message="2nd assert failed. expected:&lt;[YOUR ADOPTION HAS BEEN SET UP]&gt; but was:&lt;[fail]&gt;" type="junit.framework.ComparisonFailure">junit.framework.ComparisonFailure: 2nd assert failed. expected:&lt;[YOUR ADOPTION HAS BEEN SET UP]&gt; but was:&lt;[fail]&gt;
	at junit.framework.Assert.assertEquals(Assert.java:100)
	at com.cucumber.CucumberProject.Steps.verifyConfirmTextAvilable(Steps.java:146)
	at ✽.Then There should be a confirmation text(myFeature.feature:15)
</failure>
  </testcase>
</testsuite>